[INFO] Scanning for projects...
[INFO] 
[INFO] ------------------< com.movieticket:payment-service >-------------------
[INFO] Building payment-service 0.0.1-SNAPSHOT
[INFO]   from pom.xml
[INFO] --------------------------------[ jar ]---------------------------------
[INFO] 
[INFO] --- clean:3.4.1:clean (default-clean) @ payment-service ---
[INFO] Deleting /Users/dilshan/Documents/Y4S2/CTSE/Assignment1/Microservices_CTSE_Assignment1/movie-ticket-system/payment-service/target
[INFO] 
[INFO] >>> spring-boot:3.5.11:run (default-cli) > test-compile @ payment-service >>>
[INFO] 
[INFO] --- resources:3.3.1:resources (default-resources) @ payment-service ---
[INFO] Copying 1 resource from src/main/resources to target/classes
[INFO] Copying 0 resource from src/main/resources to target/classes
[INFO] 
[INFO] --- compiler:3.14.1:compile (default-compile) @ payment-service ---
[INFO] Recompiling the module because of changed source code.
[INFO] Compiling 9 source files with javac [debug parameters release 17] to target/classes
[INFO] 
[INFO] --- resources:3.3.1:testResources (default-testResources) @ payment-service ---
[INFO] skip non existing resourceDirectory /Users/dilshan/Documents/Y4S2/CTSE/Assignment1/Microservices_CTSE_Assignment1/movie-ticket-system/payment-service/src/test/resources
[INFO] 
[INFO] --- compiler:3.14.1:testCompile (default-testCompile) @ payment-service ---
[INFO] Recompiling the module because of changed dependency.
[INFO] Compiling 1 source file with javac [debug parameters release 17] to target/test-classes
[INFO] 
[INFO] <<< spring-boot:3.5.11:run (default-cli) < test-compile @ payment-service <<<
[INFO] 
[INFO] 
[INFO] --- spring-boot:3.5.11:run (default-cli) @ payment-service ---
[INFO] Attaching agents: []

  .   ____          _            __ _ _
 /\\ / ___'_ __ _ _(_)_ __  __ _ \ \ \ \
( ( )\___ | '_ | '_| | '_ \/ _` | \ \ \ \
 \\/  ___)| |_)| | | | | || (_| |  ) ) ) )
  '  |____| .__|_| |_|_| |_\__, | / / / /
 =========|_|==============|___/=/_/_/_/

 :: Spring Boot ::               (v3.5.11)

2026-03-13T00:29:05.466+05:30  INFO 76558 --- [payment-service] [  restartedMain] c.m.p.PaymentServiceApplication          : Starting PaymentServiceApplication using Java 17.0.18 with PID 76558 (/Users/dilshan/Documents/Y4S2/CTSE/Assignment1/Microservices_CTSE_Assignment1/movie-ticket-system/payment-service/target/classes started by dilshan in /Users/dilshan/Documents/Y4S2/CTSE/Assignment1/Microservices_CTSE_Assignment1/movie-ticket-system/payment-service)
2026-03-13T00:29:05.468+05:30  INFO 76558 --- [payment-service] [  restartedMain] c.m.p.PaymentServiceApplication          : No active profile set, falling back to 1 default profile: "default"
2026-03-13T00:29:05.487+05:30  INFO 76558 --- [payment-service] [  restartedMain] .e.DevToolsPropertyDefaultsPostProcessor : Devtools property defaults active! Set 'spring.devtools.add-properties' to 'false' to disable
2026-03-13T00:29:05.487+05:30  INFO 76558 --- [payment-service] [  restartedMain] .e.DevToolsPropertyDefaultsPostProcessor : For additional web related logging consider setting the 'logging.level.web' property to 'DEBUG'
2026-03-13T00:29:05.800+05:30  INFO 76558 --- [payment-service] [  restartedMain] .s.d.r.c.RepositoryConfigurationDelegate : Bootstrapping Spring Data MongoDB repositories in DEFAULT mode.
2026-03-13T00:29:05.821+05:30  INFO 76558 --- [payment-service] [  restartedMain] .s.d.r.c.RepositoryConfigurationDelegate : Finished Spring Data repository scanning in 18 ms. Found 1 MongoDB repository interface.
2026-03-13T00:29:06.025+05:30  INFO 76558 --- [payment-service] [  restartedMain] o.s.b.w.embedded.tomcat.TomcatWebServer  : Tomcat initialized with port 3004 (http)
2026-03-13T00:29:06.032+05:30  INFO 76558 --- [payment-service] [  restartedMain] o.apache.catalina.core.StandardService   : Starting service [Tomcat]
2026-03-13T00:29:06.032+05:30  INFO 76558 --- [payment-service] [  restartedMain] o.apache.catalina.core.StandardEngine    : Starting Servlet engine: [Apache Tomcat/10.1.52]
2026-03-13T00:29:06.049+05:30  INFO 76558 --- [payment-service] [  restartedMain] o.a.c.c.C.[Tomcat].[localhost].[/]       : Initializing Spring embedded WebApplicationContext
2026-03-13T00:29:06.050+05:30  INFO 76558 --- [payment-service] [  restartedMain] w.s.c.ServletWebServerApplicationContext : Root WebApplicationContext: initialization completed in 563 ms
2026-03-13T00:29:06.199+05:30  INFO 76558 --- [payment-service] [  restartedMain] org.mongodb.driver.client                : MongoClient with metadata {"application": {"name": "MovieTicketPayment"}, "driver": {"name": "mongo-java-driver|sync|spring-boot", "version": "5.5.2"}, "os": {"type": "Darwin", "name": "Mac OS X", "architecture": "aarch64", "version": "14.7.6"}, "platform": "Java/Homebrew/17.0.18+0"} created with settings MongoClientSettings{readPreference=primary, writeConcern=WriteConcern{w=majority, wTimeout=null ms, journal=null}, retryWrites=true, retryReads=true, readConcern=ReadConcern{level=null}, credential=MongoCredential{mechanism=null, userName='movie_ticket_payment', source='admin', password=<hidden>, mechanismProperties=<hidden>}, transportSettings=null, commandListeners=[], codecRegistry=ProvidersCodecRegistry{codecProviders=[ValueCodecProvider{}, BsonValueCodecProvider{}, DBRefCodecProvider{}, DBObjectCodecProvider{}, DocumentCodecProvider{}, CollectionCodecProvider{}, IterableCodecProvider{}, MapCodecProvider{}, GeoJsonCodecProvider{}, GridFSFileCodecProvider{}, Jsr310CodecProvider{}, JsonObjectCodecProvider{}, BsonCodecProvider{}, EnumCodecProvider{}, com.mongodb.client.model.mql.ExpressionCodecProvider@2a48a0b4, com.mongodb.Jep395RecordCodecProvider@634f567e, com.mongodb.KotlinCodecProvider@7c7fcb83]}, loggerSettings=LoggerSettings{maxDocumentLength=1000}, clusterSettings={hosts=[127.0.0.1:27017], srvHost=movieticketpayment.s6ictf1.mongodb.net, srvServiceName=mongodb, mode=MULTIPLE, requiredClusterType=REPLICA_SET, requiredReplicaSetName='atlas-m8zw1b-shard-0', serverSelector='null', clusterListeners='[]', serverSelectionTimeout='30000 ms', localThreshold='15 ms'}, socketSettings=SocketSettings{connectTimeoutMS=10000, readTimeoutMS=0, receiveBufferSize=0, proxySettings=ProxySettings{host=null, port=null, username=null, password=null}}, heartbeatSocketSettings=SocketSettings{connectTimeoutMS=10000, readTimeoutMS=10000, receiveBufferSize=0, proxySettings=ProxySettings{host=null, port=null, username=null, password=null}}, connectionPoolSettings=ConnectionPoolSettings{maxSize=100, minSize=0, maxWaitTimeMS=120000, maxConnectionLifeTimeMS=0, maxConnectionIdleTimeMS=0, maintenanceInitialDelayMS=0, maintenanceFrequencyMS=60000, connectionPoolListeners=[], maxConnecting=2}, serverSettings=ServerSettings{heartbeatFrequencyMS=10000, minHeartbeatFrequencyMS=500, serverMonitoringMode=AUTO, serverListeners='[]', serverMonitorListeners='[]'}, sslSettings=SslSettings{enabled=true, invalidHostNameAllowed=false, context=null}, applicationName='MovieTicketPayment', compressorList=[], uuidRepresentation=JAVA_LEGACY, serverApi=null, autoEncryptionSettings=null, dnsClient=null, inetAddressResolver=null, contextProvider=null, timeoutMS=null}
2026-03-13T00:29:06.239+05:30  INFO 76558 --- [payment-service] [tf1.mongodb.net] org.mongodb.driver.cluster               : Adding discovered server ac-b43tt2e-shard-00-02.s6ictf1.mongodb.net:27017 to client view of cluster
2026-03-13T00:29:06.248+05:30  INFO 76558 --- [payment-service] [tf1.mongodb.net] org.mongodb.driver.cluster               : Adding discovered server ac-b43tt2e-shard-00-01.s6ictf1.mongodb.net:27017 to client view of cluster
2026-03-13T00:29:06.248+05:30  INFO 76558 --- [payment-service] [tf1.mongodb.net] org.mongodb.driver.cluster               : Adding discovered server ac-b43tt2e-shard-00-00.s6ictf1.mongodb.net:27017 to client view of cluster
2026-03-13T00:29:06.301+05:30  INFO 76558 --- [payment-service] [  restartedMain] o.s.b.d.a.OptionalLiveReloadServer       : LiveReload server is running on port 35729
2026-03-13T00:29:06.412+05:30  WARN 76558 --- [payment-service] [  restartedMain] .s.s.UserDetailsServiceAutoConfiguration : 

Using generated security password: 88857f59-4b36-4607-808d-cec65cbca5d3

This generated password is for development use only. Your security configuration must be updated before running your application in production.

2026-03-13T00:29:06.415+05:30  INFO 76558 --- [payment-service] [  restartedMain] r$InitializeUserDetailsManagerConfigurer : Global AuthenticationManager configured with UserDetailsService bean with name inMemoryUserDetailsManager
2026-03-13T00:29:06.524+05:30  INFO 76558 --- [payment-service] [  restartedMain] o.s.v.b.OptionalValidatorFactoryBean     : Failed to set up a Bean Validation provider: jakarta.validation.NoProviderFoundException: Unable to create a Configuration, because no Jakarta Bean Validation provider could be found. Add a provider like Hibernate Validator (RI) to your classpath.
2026-03-13T00:29:06.628+05:30  INFO 76558 --- [payment-service] [  restartedMain] o.s.b.w.embedded.tomcat.TomcatWebServer  : Tomcat started on port 3004 (http) with context path '/'
2026-03-13T00:29:06.634+05:30  INFO 76558 --- [payment-service] [  restartedMain] c.m.p.PaymentServiceApplication          : Started PaymentServiceApplication in 1.318 seconds (process running for 1.483)
2026-03-13T00:29:06.680+05:30  INFO 76558 --- [payment-service] [ngodb.net:27017] org.mongodb.driver.cluster               : Monitor thread successfully connected to server with description ServerDescription{address=ac-b43tt2e-shard-00-01.s6ictf1.mongodb.net:27017, type=REPLICA_SET_SECONDARY, cryptd=false, state=CONNECTED, ok=true, minWireVersion=0, maxWireVersion=25, maxDocumentSize=16777216, logicalSessionTimeoutMinutes=30, roundTripTimeNanos=271141250, minRoundTripTimeNanos=0, setName='atlas-m8zw1b-shard-0', canonicalAddress=ac-b43tt2e-shard-00-01.s6ictf1.mongodb.net:27017, hosts=[ac-b43tt2e-shard-00-00.s6ictf1.mongodb.net:27017, ac-b43tt2e-shard-00-01.s6ictf1.mongodb.net:27017, ac-b43tt2e-shard-00-02.s6ictf1.mongodb.net:27017], passives=[], arbiters=[], primary='ac-b43tt2e-shard-00-02.s6ictf1.mongodb.net:27017', tagSet=TagSet{[Tag{name='availabilityZone', value='aps1-az3'}, Tag{name='diskState', value='READY'}, Tag{name='nodeType', value='ELECTABLE'}, Tag{name='provider', value='AWS'}, Tag{name='region', value='AP_SOUTH_1'}, Tag{name='workloadType', value='OPERATIONAL'}]}, electionId=null, setVersion=1, topologyVersion=TopologyVersion{processId=699f074c53f6caca909340e0, counter=3}, lastWriteDate=Fri Mar 13 00:29:06 IST 2026, lastUpdateTimeNanos=66189995771666}
2026-03-13T00:29:06.680+05:30  INFO 76558 --- [payment-service] [ngodb.net:27017] org.mongodb.driver.cluster               : Monitor thread successfully connected to server with description ServerDescription{address=ac-b43tt2e-shard-00-00.s6ictf1.mongodb.net:27017, type=REPLICA_SET_SECONDARY, cryptd=false, state=CONNECTED, ok=true, minWireVersion=0, maxWireVersion=25, maxDocumentSize=16777216, logicalSessionTimeoutMinutes=30, roundTripTimeNanos=271141541, minRoundTripTimeNanos=0, setName='atlas-m8zw1b-shard-0', canonicalAddress=ac-b43tt2e-shard-00-00.s6ictf1.mongodb.net:27017, hosts=[ac-b43tt2e-shard-00-00.s6ictf1.mongodb.net:27017, ac-b43tt2e-shard-00-01.s6ictf1.mongodb.net:27017, ac-b43tt2e-shard-00-02.s6ictf1.mongodb.net:27017], passives=[], arbiters=[], primary='ac-b43tt2e-shard-00-02.s6ictf1.mongodb.net:27017', tagSet=TagSet{[Tag{name='availabilityZone', value='aps1-az1'}, Tag{name='diskState', value='READY'}, Tag{name='nodeType', value='ELECTABLE'}, Tag{name='provider', value='AWS'}, Tag{name='region', value='AP_SOUTH_1'}, Tag{name='workloadType', value='OPERATIONAL'}]}, electionId=null, setVersion=1, topologyVersion=TopologyVersion{processId=699f038a42ee6be1a11532df, counter=4}, lastWriteDate=Fri Mar 13 00:29:06 IST 2026, lastUpdateTimeNanos=66189995771708}
2026-03-13T00:29:06.680+05:30  INFO 76558 --- [payment-service] [ngodb.net:27017] org.mongodb.driver.cluster               : Monitor thread successfully connected to server with description ServerDescription{address=ac-b43tt2e-shard-00-02.s6ictf1.mongodb.net:27017, type=REPLICA_SET_PRIMARY, cryptd=false, state=CONNECTED, ok=true, minWireVersion=0, maxWireVersion=25, maxDocumentSize=16777216, logicalSessionTimeoutMinutes=30, roundTripTimeNanos=265863583, minRoundTripTimeNanos=0, setName='atlas-m8zw1b-shard-0', canonicalAddress=ac-b43tt2e-shard-00-02.s6ictf1.mongodb.net:27017, hosts=[ac-b43tt2e-shard-00-00.s6ictf1.mongodb.net:27017, ac-b43tt2e-shard-00-01.s6ictf1.mongodb.net:27017, ac-b43tt2e-shard-00-02.s6ictf1.mongodb.net:27017], passives=[], arbiters=[], primary='ac-b43tt2e-shard-00-02.s6ictf1.mongodb.net:27017', tagSet=TagSet{[Tag{name='availabilityZone', value='aps1-az2'}, Tag{name='diskState', value='READY'}, Tag{name='nodeType', value='ELECTABLE'}, Tag{name='provider', value='AWS'}, Tag{name='region', value='AP_SOUTH_1'}, Tag{name='workloadType', value='OPERATIONAL'}]}, electionId=7fffffff0000000000000037, setVersion=1, topologyVersion=TopologyVersion{processId=699f0553ed447c374896806e, counter=6}, lastWriteDate=Fri Mar 13 00:29:06 IST 2026, lastUpdateTimeNanos=66189997191291}
2026-03-13T00:29:06.682+05:30  INFO 76558 --- [payment-service] [ngodb.net:27017] org.mongodb.driver.cluster               : Discovered replica set primary ac-b43tt2e-shard-00-02.s6ictf1.mongodb.net:27017 with max election id 7fffffff0000000000000037 and max set version 1
2026-03-13T00:29:28.224+05:30  INFO 76558 --- [payment-service] [nio-3004-exec-1] o.a.c.c.C.[Tomcat].[localhost].[/]       : Initializing Spring DispatcherServlet 'dispatcherServlet'
2026-03-13T00:29:28.225+05:30  INFO 76558 --- [payment-service] [nio-3004-exec-1] o.s.web.servlet.DispatcherServlet        : Initializing Servlet 'dispatcherServlet'
2026-03-13T00:29:28.227+05:30  INFO 76558 --- [payment-service] [nio-3004-exec-1] o.s.web.servlet.DispatcherServlet        : Completed initialization in 2 ms
JWT ERROR: io.jsonwebtoken.security.WeakKeyException - The verification key's size is 112 bits which is not secure enough for the HS256 algorithm.  The JWT JWA Specification (RFC 7518, Section 3.2) states that keys used with HS256 MUST have a size >= 256 bits (the key size must be greater than or equal to the hash output size).  Consider using the io.jsonwebtoken.security.Keys class's 'secretKeyFor(SignatureAlgorithm.HS256)' method to create a key guaranteed to be secure enough for HS256.  See https://tools.ietf.org/html/rfc7518#section-3.2 for more information.
[INFO] ------------------------------------------------------------------------
[INFO] BUILD FAILURE
[INFO] ------------------------------------------------------------------------
[INFO] Total time:  21:58 min
[INFO] Finished at: 2026-03-13T00:51:02+05:30
[INFO] ------------------------------------------------------------------------
[ERROR] Failed to execute goal org.springframework.boot:spring-boot-maven-plugin:3.5.11:run (default-cli) on project payment-service: Process terminated with exit code: 137 -> [Help 1]
[ERROR] 
[ERROR] To see the full stack trace of the errors, re-run Maven with the -e switch.
[ERROR] Re-run Maven using the -X switch to enable full debug logging.
[ERROR] 
[ERROR] For more information about the errors and possible solutions, please read the following articles:
[ERROR] [Help 1] http://cwiki.apache.org/confluence/display/MAVEN/MojoExecutionException
